<?xml version="1.0" encoding="UTF-8"?>
<!-- Generated by org.testng.reporters.JUnitReportReporter -->
<testsuite name="com.qa.loginTest.LoginText" tests="1" time="0.702" ignored="0" failures="0" timestamp="28 Nov 2019 13:01:35 GMT" skipped="0" hostname="admin-PC" errors="0">
  <testcase name="loginTest" time="0.702" classname="com.qa.loginTest.LoginText"/>
</testsuite> <!-- com.qa.loginTest.LoginText -->
