<?xml version="1.0" encoding="UTF-8"?>
<!-- Generated by org.testng.reporters.JUnitReportReporter -->
<testsuite name="com.qa.hs.login.LoginTest" tests="2" time="32.265" ignored="0" failures="0" timestamp="30 Nov 2019 08:40:29 GMT" skipped="0" hostname="admin-PC" errors="0">
  <testcase name="logoTest" time="10.198" classname="com.qa.hs.login.LoginTest"/>
  <testcase name="loginTest" time="22.067" classname="com.qa.hs.login.LoginTest"/>
</testsuite> <!-- com.qa.hs.login.LoginTest -->
